<?xml version="1.0" encoding="UTF-8"?>
<!-- Generated by org.testng.reporters.JUnitReportReporter -->
<testsuite name="com.github.tests.TestCase" tests="1" time="14.021" ignored="0" failures="0" timestamp="30 Jan 2020 11:45:07 GMT" skipped="0" hostname="SurfacePro" errors="0">
  <testcase name="test" time="14.021" classname="com.github.tests.TestCase"/>
</testsuite> <!-- com.github.tests.TestCase -->
